Build started 15.05.2016 17.58.29.
     1>Project "D:\Dropbox\Gjovik\Bachelor Game dev\Semester 3\Grafikkprog\exsam\Exam2013\OpenGL-1\OpenGL-1.vcxproj" on node 2 (Build target(s)).
     1>ClCompile:
         C:\Program Files (x86)\Microsoft Visual Studio 12.0\VC\bin\CL.exe /c /Zi /nologo /W3 /WX- /O2 /Oi /Oy- /GL /D WIN32 /D NDEBUG /D _CONSOLE /Gm- /EHsc /MD /GS /Gy /fp:precise /Zc:wchar_t /Zc:forScope /Fo"Release\\" /Fd"Release\vc120.pdb" /Gd /TP /analyze- /errorReport:prompt ButtenGUI.cpp drawingFunctions.cpp GUI.cpp main.cpp MainWindow.cpp Object.cpp
         ButtenGUI.cpp
         drawingFunctions.cpp
         GUI.cpp
     1>GUI.cpp(17): warning C4244: 'initializing' : conversion from 'float' to 'int', possible loss of data
     1>GUI.cpp(19): warning C4244: 'argument' : conversion from 'int' to 'float', possible loss of data
     1>GUI.cpp(20): warning C4244: 'argument' : conversion from 'int' to 'float', possible loss of data
     1>GUI.cpp(21): warning C4244: 'argument' : conversion from 'int' to 'float', possible loss of data
     1>GUI.cpp(22): warning C4244: 'argument' : conversion from 'int' to 'float', possible loss of data
     1>GUI.cpp(23): warning C4244: 'argument' : conversion from 'int' to 'float', possible loss of data
     1>GUI.cpp(24): warning C4244: 'argument' : conversion from 'int' to 'float', possible loss of data
     1>GUI.cpp(53): warning C4244: 'argument' : conversion from 'int' to 'GLfloat', possible loss of data
         main.cpp
     1>main.cpp(55): warning C4018: '<' : signed/unsigned mismatch
         MainWindow.cpp
     1>MainWindow.cpp(95): warning C4018: '<' : signed/unsigned mismatch
     1>MainWindow.cpp(185): warning C4018: '<' : signed/unsigned mismatch
     1>MainWindow.cpp(312): warning C4244: 'argument' : conversion from 'int' to 'float', possible loss of data
     1>MainWindow.cpp(368): warning C4244: 'argument' : conversion from 'int' to 'float', possible loss of data
     1>MainWindow.cpp(397): warning C4244: 'argument' : conversion from 'int' to 'float', possible loss of data
     1>MainWindow.cpp(401): warning C4244: 'argument' : conversion from 'int' to 'float', possible loss of data
     1>MainWindow.cpp(405): warning C4244: 'argument' : conversion from 'int' to 'float', possible loss of data
     1>MainWindow.cpp(409): warning C4244: 'argument' : conversion from 'int' to 'float', possible loss of data
     1>MainWindow.cpp(414): warning C4244: 'argument' : conversion from 'int' to 'float', possible loss of data
     1>MainWindow.cpp(428): warning C4244: 'argument' : conversion from 'int' to 'float', possible loss of data
     1>MainWindow.cpp(432): warning C4244: 'argument' : conversion from 'int' to 'float', possible loss of data
     1>MainWindow.cpp(511): warning C4018: '>=' : signed/unsigned mismatch
     1>MainWindow.cpp(550): warning C4244: '=' : conversion from 'GLdouble' to 'float', possible loss of data
     1>MainWindow.cpp(551): warning C4244: '=' : conversion from 'GLdouble' to 'float', possible loss of data
     1>MainWindow.cpp(552): warning C4244: '=' : conversion from 'GLdouble' to 'float', possible loss of data
         Object.cpp
     1>Object.cpp(114): warning C4018: '<' : signed/unsigned mismatch
     1>Object.cpp(118): warning C4018: '<' : signed/unsigned mismatch
     1>Object.cpp(122): warning C4018: '<' : signed/unsigned mismatch
     1>Object.cpp(190): warning C4244: 'initializing' : conversion from 'std::streamoff' to 'int', possible loss of data
     1>Object.cpp(198): warning C4018: '<' : signed/unsigned mismatch
     1>Object.cpp(239): warning C4305: 'initializing' : truncation from 'int' to 'float'
     1>Object.cpp(267): warning C4018: '<' : signed/unsigned mismatch
     1>Object.cpp(277): warning C4018: '<' : signed/unsigned mismatch
     1>Object.cpp(289): warning C4018: '<' : signed/unsigned mismatch
     1>Object.cpp(31): warning C4101: 'vertArrayPos' : unreferenced local variable
     1>Object.cpp(30): warning C4101: 'scale' : unreferenced local variable
     1>Object.cpp(315): warning C4018: '<' : signed/unsigned mismatch
     1>Object.cpp(372): warning C4018: '<' : signed/unsigned mismatch
     1>Object.cpp(432): warning C4018: '<' : signed/unsigned mismatch
     1>Object.cpp(434): warning C4244: 'initializing' : conversion from 'float' to 'int', possible loss of data
     1>Object.cpp(435): warning C4244: 'initializing' : conversion from 'float' to 'int', possible loss of data
     1>Object.cpp(436): warning C4244: 'initializing' : conversion from 'float' to 'int', possible loss of data
       Link:
         C:\Program Files (x86)\Microsoft Visual Studio 12.0\VC\bin\link.exe /ERRORREPORT:PROMPT /OUT:"D:\Dropbox\Gjovik\Bachelor Game dev\Semester 3\Grafikkprog\exsam\Exam2013\Release\Exsam2013.exe" /INCREMENTAL /NOLOGO SDL2.lib SDL2main.lib SDL2_image.lib OpenGL32.lib glu32.lib glew32.lib kernel32.lib user32.lib gdi32.lib winspool.lib comdlg32.lib advapi32.lib shell32.lib ole32.lib oleaut32.lib uuid.lib odbc32.lib odbccp32.lib /MANIFEST /MANIFESTUAC:"level='asInvoker' uiAccess='false'" /manifest:embed /DEBUG /PDB:"D:\Dropbox\Gjovik\Bachelor Game dev\Semester 3\Grafikkprog\exsam\Exam2013\Release\Exsam2013.pdb" /SUBSYSTEM:CONSOLE /OPT:REF /OPT:ICF /LTCG /TLBID:1 /DYNAMICBASE /NXCOMPAT /IMPLIB:"D:\Dropbox\Gjovik\Bachelor Game dev\Semester 3\Grafikkprog\exsam\Exam2013\Release\Exsam2013.lib" /MACHINE:X86 /SAFESEH Release\ButtenGUI.obj
         Release\drawingFunctions.obj
         Release\GUI.obj
         Release\main.obj
         Release\MainWindow.obj
         Release\Object.obj
     1>LINK : warning LNK4075: ignoring '/INCREMENTAL' due to '/LTCG' specification
         Generating code
         Finished generating code
         OpenGL-1.vcxproj -> D:\Dropbox\Gjovik\Bachelor Game dev\Semester 3\Grafikkprog\exsam\Exam2013\Release\Exsam2013.exe
     1>Done Building Project "D:\Dropbox\Gjovik\Bachelor Game dev\Semester 3\Grafikkprog\exsam\Exam2013\OpenGL-1\OpenGL-1.vcxproj" (Build target(s)).

Build succeeded.

Time Elapsed 00:00:04.94
